
╔═══════════════════════════════════════╗
║    TokenEats API Server               ║
║    Port:       5000                    ║
║    Env:        development            ║
║    Status:     Running                ║
║    Database:   localhost              ║
╚═══════════════════════════════════════╝

✅ MongoDB Connected: localhost
[0mGET /api/waste/green-token?force=true [36m304[0m 1.457 ms - -[0m
[0mGET /api/counters/availability [36m304[0m 17.397 ms - -[0m
[0mGET /api/queue/status [36m304[0m 17.659 ms - -[0m
[0mGET /api/queue/status [36m304[0m 3.438 ms - -[0m
[0mOPTIONS /api/queue/status [32m204[0m 0.417 ms - 0[0m
[0mOPTIONS /api/queue/status [32m204[0m 0.086 ms - 0[0m
[0mGET /api/counters/availability [36m304[0m 3.298 ms - -[0m
[0mGET /api/waste/green-token?force=true [36m304[0m 0.678 ms - -[0m
[0mGET /api/queue/status [36m304[0m 5.574 ms - -[0m
[0mGET /api/queue/status [36m304[0m 2.905 ms - -[0m
[0mGET /api/waste/green-token?force=true [36m304[0m 0.593 ms - -[0m
[0mGET /api/counters/availability [36m304[0m 10.204 ms - -[0m
[0mGET /api/queue/status [36m304[0m 12.860 ms - -[0m
[0mGET /api/queue/status [36m304[0m 5.237 ms - -[0m
[0mOPTIONS /api/queue/status [32m204[0m 0.164 ms - 0[0m
[0mOPTIONS /api/queue/status [32m204[0m 0.084 ms - 0[0m
[0mGET /api/counters/availability [36m304[0m 2.938 ms - -[0m
[0mGET /api/waste/green-token?force=true [36m304[0m 0.248 ms - -[0m
[0mGET /api/queue/status [36m304[0m 4.075 ms - -[0m
[0mGET /api/queue/status [36m304[0m 3.542 ms - -[0m
[0mGET /api/waste/green-token?force=true [36m304[0m 0.225 ms - -[0m
[0mGET /api/counters/availability [36m304[0m 4.845 ms - -[0m
[0mGET /api/queue/status [36m304[0m 6.683 ms - -[0m
[0mGET /api/queue/status [36m304[0m 4.321 ms - -[0m
[0mGET /api/counters/availability [36m304[0m 2.103 ms - -[0m
[0mOPTIONS /api/queue/status [32m204[0m 0.066 ms - 0[0m
[0mOPTIONS /api/queue/status [32m204[0m 0.044 ms - 0[0m
[0mGET /api/waste/green-token?force=true [36m304[0m 0.184 ms - -[0m
[0mGET /api/queue/status [36m304[0m 3.099 ms - -[0m
[0mGET /api/queue/status [36m304[0m 2.469 ms - -[0m
[0mOPTIONS /api/queue/status [32m204[0m 0.105 ms - 0[0m
[0mGET /api/waste/green-token?force=true [36m304[0m 0.189 ms - -[0m
[0mGET /api/counters/availability [36m304[0m 2.606 ms - -[0m
Error: Not authorized to access this route
[0mGET /api/queue/status [33m401[0m 1.214 ms - 65[0m
[0mGET /api/waste/green-token?force=true [36m304[0m 0.123 ms - -[0m
[0mGET /api/counters/availability [36m304[0m 4.123 ms - -[0m
[0mGET /api/counters/availability [36m304[0m 5.003 ms - -[0m
[0mGET /api/queue/status [36m304[0m 7.954 ms - -[0m
[0mGET /api/queue/status [36m304[0m 6.834 ms - -[0m
[0mGET /api/counters/availability [36m304[0m 1.590 ms - -[0m
[0mGET /api/queue/status [36m304[0m 2.784 ms - -[0m
[0mOPTIONS /api/queue/status [32m204[0m 0.117 ms - 0[0m
[0mOPTIONS /api/queue/status [32m204[0m 0.066 ms - 0[0m
[0mGET /api/counters/availability [36m304[0m 4.281 ms - -[0m
[0mGET /api/waste/green-token?force=true [36m304[0m 0.234 ms - -[0m
[0mGET /api/queue/status [36m304[0m 4.121 ms - -[0m
[0mGET /api/queue/status [36m304[0m 4.523 ms - -[0m
[0mOPTIONS /api/queue/status [32m204[0m 0.145 ms - 0[0m
[0mGET /api/counters/availability [36m304[0m 4.193 ms - -[0m
[0mGET /api/counters/availability [36m304[0m 3.090 ms - -[0m
[0mGET /api/waste/green-token?force=true [36m304[0m 0.183 ms - -[0m
[0mOPTIONS /api/queue/status [32m204[0m 0.056 ms - 0[0m
[0mOPTIONS /api/queue/status [32m204[0m 0.025 ms - 0[0m
[0mGET /api/queue/status [36m304[0m 4.980 ms - -[0m
[0mGET /api/waste/green-token?force=true [36m304[0m 0.092 ms - -[0m
[0mGET /api/counters/availability [36m304[0m 3.912 ms - -[0m
[0mGET /api/counters/availability [36m304[0m 1.836 ms - -[0m
Error: Not authorized to access this route
[0mGET /api/queue/status [33m401[0m 0.413 ms - 65[0m
[0mGET /api/queue/status [36m304[0m 2.435 ms - -[0m
[0mGET /api/queue/status [36m304[0m 2.504 ms - -[0m
[0mOPTIONS /api/queue/status [32m204[0m 0.080 ms - 0[0m
[0mGET /api/counters/availability [36m304[0m 2.577 ms - -[0m
[0mGET /api/waste/green-token?force=true [36m304[0m 0.174 ms - -[0m
Error: Not authorized to access this route
[0mGET /api/queue/status [33m401[0m 0.521 ms - 65[0m
[0mOPTIONS /api/queue/status [32m204[0m 0.048 ms - 0[0m
[0mOPTIONS /api/queue/status [32m204[0m 0.029 ms - 0[0m
[0mGET /api/waste/green-token?force=true [36m304[0m 0.155 ms - -[0m
[0mGET /api/counters/availability [36m304[0m 4.065 ms - -[0m
[0mGET /api/counters/availability [36m304[0m 3.083 ms - -[0m
[0mGET /api/queue/status [36m304[0m 5.301 ms - -[0m
[0mGET /api/counters/availability [36m304[0m 1.236 ms - -[0m
[0mGET /api/queue/status [36m304[0m 2.681 ms - -[0m
[0mGET /api/queue/status [36m304[0m 2.437 ms - -[0m
[0mGET /api/counters/availability [36m304[0m 2.888 ms - -[0m
[0mOPTIONS /api/queue/status [32m204[0m 0.052 ms - 0[0m
[0mGET /api/queue/status [36m304[0m 3.362 ms - -[0m
[0mGET /api/counters/availability [36m304[0m 1.232 ms - -[0m
[0mGET /api/counters/availability [36m304[0m 1.143 ms - -[0m
[0mGET /api/waste/green-token?force=true [36m304[0m 0.121 ms - -[0m
[0mOPTIONS /api/queue/status [32m204[0m 0.035 ms - 0[0m
[0mOPTIONS /api/queue/status [32m204[0m 0.029 ms - 0[0m
[0mGET /api/counters/availability [36m304[0m 1.366 ms - -[0m
[0mGET /api/waste/green-token?force=true [36m304[0m 0.184 ms - -[0m
Error: Not authorized to access this route
[0mGET /api/queue/status [33m401[0m 0.476 ms - 65[0m
[0mGET /api/queue/status [36m304[0m 2.649 ms - -[0m
[0mGET /api/queue/status [36m304[0m 2.769 ms - -[0m
[0mGET /api/counters/availability [36m304[0m 2.284 ms - -[0m
[0mGET /api/counters/availability [36m304[0m 1.629 ms - -[0m
[0mGET /api/counters/availability [36m304[0m 1.474 ms - -[0m
[0mGET /api/counters/availability [36m304[0m 1.287 ms - -[0m
[0mOPTIONS /api/queue/status [32m204[0m 0.047 ms - 0[0m
[0mGET /api/queue/status [36m304[0m 2.560 ms - -[0m
[0mGET /api/queue/status [36m304[0m 2.400 ms - -[0m
[0mGET /api/queue/status [36m304[0m 2.165 ms - -[0m
[0mOPTIONS /api/queue/status [32m204[0m 0.034 ms - 0[0m
[0mGET /api/waste/green-token?force=true [36m304[0m 0.172 ms - -[0m
Error: Not authorized to access this route
[0mGET /api/queue/status [33m401[0m 0.420 ms - 65[0m
[0mGET /api/waste/green-token?force=true [36m304[0m 0.126 ms - -[0m
[0mOPTIONS /api/queue/status [32m204[0m 0.037 ms - 0[0m
[0mGET /api/waste/green-token?force=true [36m304[0m 0.140 ms - -[0m
[0mGET /api/counters/availability [36m304[0m 2.099 ms - -[0m
[0mGET /api/counters/availability [36m304[0m 1.913 ms - -[0m
Error: Not authorized to access this route
[0mGET /api/queue/status [33m401[0m 0.408 ms - 65[0m
[0mGET /api/queue/status [36m304[0m 3.808 ms - -[0m
[0mOPTIONS /api/queue/status [32m204[0m 0.028 ms - 0[0m
[0mOPTIONS /api/queue/status [32m204[0m 0.021 ms - 0[0m
[0mGET /api/counters/availability [36m304[0m 1.587 ms - -[0m
[0mGET /api/waste/green-token?force=true [36m304[0m 0.109 ms - -[0m
[0mGET /api/counters/availability [36m304[0m 1.369 ms - -[0m
[0mGET /api/queue/status [36m304[0m 2.661 ms - -[0m
[0mGET /api/queue/status [36m304[0m 2.319 ms - -[0m
[0mGET /api/counters/availability [36m304[0m 1.793 ms - -[0m
[0mGET /api/counters/availability [36m304[0m 1.179 ms - -[0m
[0mOPTIONS /api/queue/status [32m204[0m 0.033 ms - 0[0m
[0mGET /api/counters/availability [36m304[0m 1.828 ms - -[0m
[0mGET /api/waste/green-token?force=true [36m304[0m 0.120 ms - -[0m
[0mOPTIONS /api/queue/status [32m204[0m 0.028 ms - 0[0m
[0mGET /api/queue/status [36m304[0m 2.862 ms - -[0m
[0mOPTIONS /api/queue/status [32m204[0m 0.027 ms - 0[0m
Error: Not authorized to access this route
[0mGET /api/queue/status [33m401[0m 0.455 ms - 65[0m
[0mGET /api/waste/green-token?force=true [36m304[0m 0.102 ms - -[0m
[0mGET /api/counters/availability [36m304[0m 1.577 ms - -[0m
[0mGET /api/queue/status [36m304[0m 2.389 ms - -[0m
[0mGET /api/queue/status [36m304[0m 2.384 ms - -[0m
[0mGET /api/counters/availability [36m304[0m 3.317 ms - -[0m
[0mGET /api/counters/availability [36m304[0m 2.882 ms - -[0m
[0mOPTIONS /api/queue/status [32m204[0m 0.030 ms - 0[0m
[0mGET /api/queue/status [36m304[0m 3.913 ms - -[0m
[0mGET /api/queue/status [36m304[0m 2.623 ms - -[0m
[0mGET /api/waste/green-token?force=true [36m304[0m 0.105 ms - -[0m
[0mGET /api/queue/status [36m304[0m 2.542 ms - -[0m
[0mGET /api/counters/availability [36m304[0m 1.252 ms - -[0m
[0mGET /api/counters/availability [36m304[0m 1.294 ms - -[0m
[0mOPTIONS /api/queue/status [32m204[0m 0.029 ms - 0[0m
[0mGET /api/waste/green-token?force=true [36m304[0m 0.109 ms - -[0m
Error: Not authorized to access this route
[0mGET /api/queue/status [33m401[0m 0.433 ms - 65[0m
[0mGET /api/counters/availability [36m304[0m 2.516 ms - -[0m
[0mOPTIONS /api/queue/status [32m204[0m 0.082 ms - 0[0m
[0mGET /api/counters/availability [36m304[0m 3.593 ms - -[0m
[0mGET /api/counters/availability [36m304[0m 3.250 ms - -[0m
[0mGET /api/counters/availability [36m304[0m 3.132 ms - -[0m
[0mGET /api/queue/status [36m304[0m 4.126 ms - -[0m
[0mGET /api/queue/status [36m304[0m 3.834 ms - -[0m
[0mGET /api/waste/green-token?force=true [36m304[0m 0.128 ms - -[0m
[0mGET /api/queue/status [36m304[0m 1.996 ms - -[0m
[0mOPTIONS /api/queue/status [32m204[0m 0.025 ms - 0[0m
Error: Not authorized to access this route
[0mGET /api/queue/status [33m401[0m 0.317 ms - 65[0m
[0mGET /api/waste/green-token?force=true [36m304[0m 0.124 ms - -[0m
[0mGET /api/counters/availability [36m304[0m 3.505 ms - -[0m
[0mGET /api/counters/availability [36m304[0m 4.267 ms - -[0m
[0mGET /api/queue/status [36m304[0m 5.616 ms - -[0m
[0mOPTIONS /api/queue/status [32m204[0m 0.046 ms - 0[0m
[0mGET /api/counters/availability [36m304[0m 2.478 ms - -[0m
[0mOPTIONS /api/queue/status [32m204[0m 0.059 ms - 0[0m
[0mOPTIONS /api/queue/status [32m204[0m 0.060 ms - 0[0m
[0mGET /api/counters/availability [36m304[0m 3.016 ms - -[0m
[0mGET /api/waste/green-token?force=true [36m304[0m 0.240 ms - -[0m
[0mGET /api/waste/green-token?force=true [36m304[0m 0.227 ms - -[0m
Error: Not authorized to access this route
[0mGET /api/queue/status [33m401[0m 1.126 ms - 65[0m
[0mGET /api/queue/status [36m304[0m 5.843 ms - -[0m
[0mGET /api/queue/status [36m304[0m 5.642 ms - -[0m
[0mGET /api/counters/availability [36m304[0m 3.546 ms - -[0m
[0mGET /api/queue/status [36m304[0m 7.138 ms - -[0m
[0mGET /api/counters/availability [36m304[0m 3.023 ms - -[0m
[0mOPTIONS /api/queue/status [32m204[0m 0.068 ms - 0[0m
[0mOPTIONS /api/queue/status [32m204[0m 0.055 ms - 0[0m
[0mGET /api/waste/green-token?force=true [36m304[0m 0.226 ms - -[0m
[0mGET /api/counters/availability [36m304[0m 2.862 ms - -[0m
[0mOPTIONS /api/queue/status [32m204[0m 0.102 ms - 0[0m
[0mGET /api/waste/green-token?force=true [36m304[0m 0.379 ms - -[0m
[0mGET /api/counters/availability [36m304[0m 4.804 ms - -[0m
Error: Not authorized to access this route
[0mGET /api/queue/status [33m401[0m 0.673 ms - 65[0m
[0mGET /api/queue/status [36m304[0m 5.499 ms - -[0m
[0mGET /api/queue/status [36m304[0m 5.287 ms - -[0m
[0mGET /api/menu [32m200[0m 23.804 ms - 4272[0m
[0mGET /api/counters/availability [36m304[0m 3.865 ms - -[0m
[0mOPTIONS /api/queue/status [32m204[0m 0.068 ms - 0[0m
[0mGET /api/counters/availability [36m304[0m 3.690 ms - -[0m
[0mGET /api/queue/status [36m304[0m 7.208 ms - -[0m
[0mGET /api/counters/availability [36m304[0m 2.839 ms - -[0m
[0mGET /api/waste/green-token?force=true [36m304[0m 0.784 ms - -[0m
[0mOPTIONS /api/queue/status [32m204[0m 0.092 ms - 0[0m
[0mOPTIONS /api/queue/status [32m204[0m 0.072 ms - 0[0m
Error: Not authorized to access this route
[0mGET /api/queue/status [33m401[0m 0.920 ms - 65[0m
[0mGET /api/waste/green-token?force=true [36m304[0m 0.323 ms - -[0m
[0mGET /api/counters/availability [36m304[0m 6.164 ms - -[0m
[0mGET /api/queue/status [36m304[0m 5.842 ms - -[0m
[0mGET /api/queue/status [36m304[0m 6.821 ms - -[0m
[0mGET /api/counters/availability [36m304[0m 3.609 ms - -[0m
[0mGET /api/counters/availability [36m304[0m 2.424 ms - -[0m
[0mOPTIONS /api/queue/status [32m204[0m 0.089 ms - 0[0m
[0mGET /api/counters/availability [36m304[0m 2.300 ms - -[0m
[0mGET /api/queue/status [36m304[0m 5.686 ms - -[0m
[0mGET /api/waste/green-token?force=true [36m304[0m 0.269 ms - -[0m
Error: Not authorized to access this route
[0mGET /api/queue/status [33m401[0m 0.836 ms - 65[0m
[0mOPTIONS /api/queue/status [32m204[0m 0.059 ms - 0[0m
[0mOPTIONS /api/queue/status [32m204[0m 0.060 ms - 0[0m
[0mGET /api/waste/green-token?force=true [36m304[0m 0.241 ms - -[0m
[0mGET /api/counters/availability [36m304[0m 5.392 ms - -[0m
[0mGET /api/queue/status [36m304[0m 6.450 ms - -[0m
[0mGET /api/queue/status [36m304[0m 5.741 ms - -[0m
[0mGET /api/complaints/public [32m200[0m 6.122 ms - 458[0m
[0mGET /api/counters/availability [36m304[0m 5.543 ms - -[0m
[0mGET /api/queue/status [36m304[0m 7.800 ms - -[0m
[0mOPTIONS /api/queue/status [32m204[0m 0.162 ms - 0[0m
[0mGET /api/counters/availability [36m304[0m 3.504 ms - -[0m
[0mGET /api/counters/availability [36m304[0m 3.477 ms - -[0m
Error: Not authorized to access this route
[0mGET /api/queue/status [33m401[0m 0.934 ms - 65[0m
[0mGET /api/waste/green-token?force=true [36m304[0m 0.231 ms - -[0m
[0mGET /api/counters/availability [36m304[0m 2.934 ms - -[0m
[0mOPTIONS /api/queue/status [32m204[0m 0.065 ms - 0[0m
[0mOPTIONS /api/queue/status [32m204[0m 0.072 ms - 0[0m
[0mGET /api/waste/green-token?force=true [36m304[0m 0.300 ms - -[0m
[0mGET /api/queue/status [36m304[0m 6.978 ms - -[0m
[0mGET /api/queue/status [36m304[0m 5.302 ms - -[0m
[0mGET /api/menu [32m200[0m 5.812 ms - 4272[0m
[0mGET /api/counters/availability [36m304[0m 4.660 ms - -[0m
[0mGET /api/queue/status [36m304[0m 6.646 ms - -[0m
[0mGET /api/counters/availability [36m304[0m 2.668 ms - -[0m
[0mOPTIONS /api/queue/status [32m204[0m 0.070 ms - 0[0m
[0mGET /api/counters/availability [36m304[0m 3.663 ms - -[0m
[0mOPTIONS /api/queue/status [32m204[0m 0.061 ms - 0[0m
[0mGET /api/waste/green-token?force=true [36m304[0m 0.324 ms - -[0m
[0mGET /api/counters/availability [36m304[0m 3.229 ms - -[0m
[0mOPTIONS /api/queue/status [32m204[0m 0.057 ms - 0[0m
[0mGET /api/waste/green-token?force=true [36m304[0m 0.237 ms - -[0m
Error: Not authorized to access this route
[0mGET /api/queue/status [33m401[0m 0.800 ms - 65[0m
[0mGET /api/queue/status [36m304[0m 6.887 ms - -[0m
[0mGET /api/queue/status [36m304[0m 4.951 ms - -[0m
[0mGET /api/complaints/public [32m200[0m 5.617 ms - 565[0m
[0mOPTIONS /api/queue/status [32m204[0m 0.228 ms - 0[0m
[0mOPTIONS /api/queue/status [32m204[0m 0.073 ms - 0[0m
[0mGET /api/waste/green-token?force=true [36m304[0m 0.302 ms - -[0m
[0mGET /api/counters/availability [36m304[0m 4.856 ms - -[0m
[0mGET /api/queue/status [36m304[0m 7.675 ms - -[0m
[0mGET /api/queue/status [36m304[0m 6.928 ms - -[0m
[0mGET /api/counters/availability [36m304[0m 3.890 ms - -[0m
[0mGET /api/queue/status [36m304[0m 28.837 ms - -[0m
[0mGET /api/waste/green-token?force=true [36m304[0m 0.287 ms - -[0m
[0mGET /api/counters/availability [36m304[0m 6.544 ms - -[0m
[0mGET /api/queue/status [36m304[0m 9.318 ms - -[0m
[0mGET /api/queue/status [36m304[0m 7.302 ms - -[0m
[0mGET /api/counters/availability [36m304[0m 3.363 ms - -[0m
[0mGET /api/queue/status [36m304[0m 6.120 ms - -[0m
[0mOPTIONS /api/queue/status [32m204[0m 0.072 ms - 0[0m
[0mOPTIONS /api/queue/status [32m204[0m 0.073 ms - 0[0m
[0mGET /api/waste/green-token?force=true [36m304[0m 0.241 ms - -[0m
[0mGET /api/counters/availability [36m304[0m 1.529 ms - -[0m
[0mOPTIONS /api/queue/status [32m204[0m 0.067 ms - 0[0m
[0mGET /api/counters/availability [36m304[0m 2.004 ms - -[0m
[0mGET /api/waste/green-token?force=true [36m304[0m 0.258 ms - -[0m
[0mGET /api/counters/availability [36m304[0m 2.427 ms - -[0m
Error: Not authorized to access this route
[0mGET /api/queue/status [33m401[0m 1.017 ms - 65[0m
[0mGET /api/queue/status [36m304[0m 6.003 ms - -[0m
[0mGET /api/queue/status [36m304[0m 5.186 ms - -[0m
[0mOPTIONS /api/queue/status [32m204[0m 0.097 ms - 0[0m
[0mOPTIONS /api/queue/status [32m204[0m 0.123 ms - 0[0m
[0mGET /api/waste/green-token?force=true [36m304[0m 0.300 ms - -[0m
[0mGET /api/counters/availability [36m304[0m 4.646 ms - -[0m
[0mGET /api/queue/status [36m304[0m 10.281 ms - -[0m
[0mGET /api/queue/status [36m304[0m 16.582 ms - -[0m
[0mGET /api/counters/availability [36m304[0m 5.869 ms - -[0m
[0mGET /api/queue/status [36m304[0m 8.825 ms - -[0m
[0mGET /api/waste/green-token?force=true [36m304[0m 0.372 ms - -[0m
[0mGET /api/queue/status [36m304[0m 8.812 ms - -[0m
[0mOPTIONS /api/auth/me [32m204[0m 0.097 ms - 0[0m
[0mGET /api/waste/green-token?force=true [36m304[0m 9.918 ms - -[0m
[0mOPTIONS /api/auth/me [32m204[0m 0.148 ms - 0[0m
[0mGET /api/waste/green-token?force=true [36m304[0m 4.566 ms - -[0m
[0mGET /api/menu [32m200[0m 259.358 ms - 4272[0m
[0mGET /api/counters/availability [36m304[0m 197.442 ms - -[0m
[0mGET /api/complaints/public [32m200[0m 153.661 ms - 565[0m
[0mGET /api/queue/status [36m304[0m 200.824 ms - -[0m
[0mGET /api/auth/me [32m200[0m 219.836 ms - 216[0m
[0mGET /api/auth/me [36m304[0m 9.790 ms - -[0m
[0mGET /api/complaints/public [36m304[0m 16.631 ms - -[0m
[0mGET /api/queue/status [36m304[0m 23.759 ms - -[0m
[0mGET /api/complaints/public [36m304[0m 15.747 ms - -[0m
[0mGET /api/queue/status [36m304[0m 19.580 ms - -[0m
[0mOPTIONS /api/queue/status [32m204[0m 0.096 ms - 0[0m
[0mGET /api/counters/availability [36m304[0m 4.310 ms - -[0m
[0mGET /api/queue/status [36m304[0m 10.000 ms - -[0m
[0mGET /api/waste/green-token?force=true [36m304[0m 0.261 ms - -[0m
[0mGET /api/queue/status [36m304[0m 17.246 ms - -[0m
[0mGET /api/counters/availability [36m304[0m 5.690 ms - -[0m
[0mGET /api/queue/status [36m304[0m 7.249 ms - -[0m
[0mOPTIONS /api/queue/status [32m204[0m 0.103 ms - 0[0m
[0mGET /api/waste/green-token?force=true [36m304[0m 0.266 ms - -[0m
[0mGET /api/queue/status [36m304[0m 6.651 ms - -[0m
[0mGET /api/counters/availability [36m304[0m 4.920 ms - -[0m
[0mGET /api/queue/status [36m304[0m 8.139 ms - -[0m
[0mOPTIONS /api/queue/status [32m204[0m 0.159 ms - 0[0m
[0mGET /api/waste/green-token?force=true [36m304[0m 0.265 ms - -[0m
[0mGET /api/queue/status [36m304[0m 6.385 ms - -[0m
[0mGET /api/counters/availability [36m304[0m 4.396 ms - -[0m
[0mGET /api/queue/status [36m304[0m 6.346 ms - -[0m
[0mGET /api/waste/green-token?force=true [36m304[0m 0.364 ms - -[0m
[0mGET /api/queue/status [36m304[0m 7.079 ms - -[0m
[0mOPTIONS /api/queue/status [32m204[0m 0.089 ms - 0[0m
[0mGET /api/counters/availability [36m304[0m 3.332 ms - -[0m
[0mGET /api/queue/status [36m304[0m 13.293 ms - -[0m
[0mGET /api/waste/green-token?force=true [36m304[0m 0.205 ms - -[0m
[0mGET /api/queue/status [36m304[0m 8.438 ms - -[0m
[0mGET /api/counters/availability [36m304[0m 4.929 ms - -[0m
[0mOPTIONS /api/queue/status [32m204[0m 0.067 ms - 0[0m
[0mGET /api/waste/green-token?force=true [36m304[0m 0.246 ms - -[0m
[0mGET /api/counters/availability [36m304[0m 7.177 ms - -[0m
Error: Not authorized to access this route
[0mGET /api/queue/status [33m401[0m 0.853 ms - 65[0m
[0mGET /api/queue/status [36m304[0m 14.595 ms - -[0m
[0mGET /api/counters/availability [36m304[0m 6.500 ms - -[0m
[0mGET /api/counters/availability [36m304[0m 4.127 ms - -[0m
[0mOPTIONS /api/queue/status [32m204[0m 0.071 ms - 0[0m
[0mGET /api/queue/status [36m304[0m 8.034 ms - -[0m
[0mGET /api/counters/availability [36m304[0m 3.131 ms - -[0m
[0mGET /api/counters/availability [36m304[0m 2.629 ms - -[0m
[0mGET /api/waste/green-token?force=true [36m304[0m 0.235 ms - -[0m
Error: Not authorized to access this route
[0mGET /api/queue/status [33m401[0m 1.136 ms - 65[0m
[0mOPTIONS /api/queue/status [32m204[0m 0.137 ms - 0[0m
[0mGET /api/counters/availability [36m304[0m 8.009 ms - -[0m
[0mGET /api/counters/availability [36m304[0m 7.587 ms - -[0m
[0mGET /api/waste/green-token?force=true [36m304[0m 0.373 ms - -[0m
Error: Not authorized to access this route
[0mGET /api/queue/status [33m401[0m 1.119 ms - 65[0m
[0mGET /api/queue/status [36m304[0m 19.397 ms - -[0m
[0mGET /api/counters/availability [36m304[0m 3.476 ms - -[0m
[0mGET /api/counters/availability [36m304[0m 3.979 ms - -[0m
[0mOPTIONS /api/queue/status [32m204[0m 0.073 ms - 0[0m
[0mGET /api/counters/availability [36m304[0m 3.503 ms - -[0m
[0mGET /api/queue/status [36m304[0m 7.011 ms - -[0m
[0mGET /api/counters/availability [36m304[0m 2.381 ms - -[0m
[0mGET /api/waste/green-token?force=true [36m304[0m 0.253 ms - -[0m
Error: Not authorized to access this route
[0mGET /api/queue/status [33m401[0m 0.923 ms - 65[0m
[0mGET /api/waste/green-token?force=true [32m200[0m 0.344 ms - 30[0m
[0mGET /api/menu [32m200[0m 10.972 ms - 4272[0m
[0mGET /api/counters/availability [32m200[0m 10.068 ms - 885[0m
[0mOPTIONS /api/queue/status [32m204[0m 0.105 ms - 0[0m
[0mGET /api/waste/green-token?force=true [36m304[0m 0.321 ms - -[0m
Error: Not authorized to access this route
[0mGET /api/queue/status [33m401[0m 1.076 ms - 65[0m
[0mGET /api/complaints/public [32m200[0m 6.349 ms - 565[0m
[0mGET /api/counters/availability [36m304[0m 3.221 ms - -[0m
[0mOPTIONS /api/queue/status [32m204[0m 0.082 ms - 0[0m
[0mGET /api/waste/green-token?force=true [36m304[0m 0.298 ms - -[0m
Error: Not authorized to access this route
[0mGET /api/queue/status [33m401[0m 1.705 ms - 65[0m
[0mGET /api/counters/availability [36m304[0m 4.145 ms - -[0m
[0mOPTIONS /api/queue/status [32m204[0m 0.085 ms - 0[0m
[0mGET /api/waste/green-token?force=true [36m304[0m 0.289 ms - -[0m
Error: Not authorized to access this route
[0mGET /api/queue/status [33m401[0m 0.675 ms - 65[0m
[0mGET /api/counters/availability [36m304[0m 3.999 ms - -[0m
[0mOPTIONS /api/queue/status [32m204[0m 0.100 ms - 0[0m
Error: Not authorized to access this route
[0mGET /api/queue/status [33m401[0m 1.010 ms - 65[0m
[0mGET /api/waste/green-token?force=true [36m304[0m 0.255 ms - -[0m
[0mOPTIONS /api/queue/status [32m204[0m 0.099 ms - 0[0m
[0mGET /api/counters/availability [36m304[0m 16.964 ms - -[0m
[0mGET /api/waste/green-token?force=true [36m304[0m 0.259 ms - -[0m
Error: Not authorized to access this route
[0mGET /api/queue/status [33m401[0m 4.704 ms - 65[0m
[0mGET /api/queue/status [36m304[0m 25.441 ms - -[0m
[0mGET /api/counters/availability [36m304[0m 17.451 ms - -[0m
[0mGET /api/counters/availability [36m304[0m 3.295 ms - -[0m
[0mGET /api/counters/availability [36m304[0m 7.507 ms - -[0m
[0mOPTIONS /api/queue/status [32m204[0m 0.102 ms - 0[0m
Error: Not authorized to access this route
[0mGET /api/queue/status [33m401[0m 0.966 ms - 65[0m
[0mGET /api/waste/green-token?force=true [36m304[0m 0.260 ms - -[0m
[0mOPTIONS /api/auth/login [32m204[0m 0.150 ms - 0[0m
[0mPOST /api/auth/login [32m200[0m 908.768 ms - 379[0m
[0mOPTIONS /api/queue/status [32m204[0m 0.191 ms - 0[0m
[0mGET /api/complaints/public [36m304[0m 6.481 ms - -[0m
[0mGET /api/queue/status [32m200[0m 24.502 ms - 41[0m
[0mOPTIONS /api/queue/status [32m204[0m 0.125 ms - 0[0m
[0mGET /api/counters/availability [36m304[0m 5.730 ms - -[0m
[0mGET /api/queue/status [36m304[0m 20.889 ms - -[0m
[0mOPTIONS /api/queue/status [32m204[0m 0.094 ms - 0[0m
[0mGET /api/waste/green-token?force=true [36m304[0m 0.342 ms - -[0m
[0mGET /api/queue/status [36m304[0m 7.427 ms - -[0m
[0mOPTIONS /api/queue/status [32m204[0m 0.153 ms - 0[0m
[0mGET /api/counters/availability [36m304[0m 11.520 ms - -[0m
[0mGET /api/queue/status [36m304[0m 26.230 ms - -[0m
[0mOPTIONS /api/queue/status [32m204[0m 0.210 ms - 0[0m
[0mGET /api/waste/green-token?force=true [36m304[0m 0.430 ms - -[0m
[0mGET /api/queue/status [36m304[0m 7.724 ms - -[0m
[0mOPTIONS /api/coupons/redeem [32m204[0m 0.111 ms - 0[0m
[0mPOST /api/coupons/redeem [32m200[0m 55.820 ms - 222[0m
[0mGET /api/waste/green-token?force=true [36m304[0m 0.378 ms - -[0m
[0mOPTIONS /api/queue/status [32m204[0m 0.077 ms - 0[0m
[0mOPTIONS /api/queue/status [32m204[0m 0.071 ms - 0[0m
[0mGET /api/queue/status [36m304[0m 6.516 ms - -[0m
[0mGET /api/queue/status [36m304[0m 6.841 ms - -[0m
[0mOPTIONS /api/suggestions [32m204[0m 0.071 ms - 0[0m
[0mPOST /api/suggestions [32m201[0m 8.140 ms - 243[0m
[0mOPTIONS /api/queue/status [32m204[0m 0.179 ms - 0[0m
[0mGET /api/counters/availability [32m200[0m 6.895 ms - 885[0m
[0mGET /api/queue/status [36m304[0m 12.113 ms - -[0m
[0mOPTIONS /api/queue/status [32m204[0m 0.194 ms - 0[0m
[0mGET /api/waste/green-token?force=true [36m304[0m 0.283 ms - -[0m
[0mGET /api/queue/status [36m304[0m 7.808 ms - -[0m
[0mOPTIONS /api/queue/status [32m204[0m 0.103 ms - 0[0m
[0mGET /api/counters/availability [36m304[0m 5.673 ms - -[0m
[0mGET /api/queue/status [36m304[0m 7.633 ms - -[0m
[0mOPTIONS /api/queue/join [32m204[0m 0.171 ms - 0[0m
[0mOPTIONS /api/queue/status [32m204[0m 0.115 ms - 0[0m
[0mGET /api/waste/green-token?force=true [36m304[0m 0.396 ms - -[0m
[0mGET /api/queue/status [32m200[0m 39.666 ms - 1914[0m
[0mPOST /api/queue/join [32m201[0m 164.684 ms - 3996[0m
[0mOPTIONS /api/queue/status [32m204[0m 0.084 ms - 0[0m
[0mGET /api/queue/status [36m304[0m 10.020 ms - -[0m
[0mOPTIONS /api/queue/leave [32m204[0m 1.127 ms - 0[0m
[0mPOST /api/queue/leave [32m200[0m 19.500 ms - 52[0m
[0mOPTIONS /api/queue/status [32m204[0m 0.126 ms - 0[0m
[0mGET /api/queue/status [32m200[0m 10.449 ms - 41[0m
[0mOPTIONS /api/queue/status [32m204[0m 0.136 ms - 0[0m
[0mGET /api/counters/availability [32m200[0m 7.979 ms - 883[0m
[0mGET /api/queue/status [36m304[0m 11.060 ms - -[0m
[0mOPTIONS /api/queue/status [32m204[0m 0.417 ms - 0[0m
[0mGET /api/waste/green-token?force=true [36m304[0m 0.470 ms - -[0m
[0mGET /api/queue/status [36m304[0m 12.851 ms - -[0m
[0mOPTIONS /api/queue/status [32m204[0m 0.100 ms - 0[0m
[0mGET /api/counters/availability [36m304[0m 4.811 ms - -[0m
[0mGET /api/queue/status [36m304[0m 6.402 ms - -[0m
[0mOPTIONS /api/queue/status [32m204[0m 0.093 ms - 0[0m
[0mGET /api/waste/green-token?force=true [36m304[0m 0.415 ms - -[0m
[0mGET /api/queue/status [36m304[0m 6.352 ms - -[0m
[0mOPTIONS /api/orders [32m204[0m 0.093 ms - 0[0m
[0mPOST /api/orders [32m201[0m 14.312 ms - 466[0m
[0mOPTIONS /api/queue/status [32m204[0m 0.107 ms - 0[0m
[0mGET /api/counters/availability [36m304[0m 7.958 ms - -[0m
[0mGET /api/queue/status [36m304[0m 9.571 ms - -[0m
[0mOPTIONS /api/queue/status [32m204[0m 0.088 ms - 0[0m
[0mGET /api/waste/green-token?force=true [36m304[0m 0.407 ms - -[0m
[0mGET /api/queue/status [36m304[0m 10.154 ms - -[0m
[0mGET /api/reviews/698d1a0cd95b761b8079cfb2 [32m200[0m 9.073 ms - 26[0m
[0mOPTIONS /api/queue/status [32m204[0m 0.151 ms - 0[0m
[0mGET /api/counters/availability [36m304[0m 7.813 ms - -[0m
[0mGET /api/queue/status [36m304[0m 12.613 ms - -[0m
[0mOPTIONS /api/queue/status [32m204[0m 0.085 ms - 0[0m
[0mGET /api/waste/green-token?force=true [36m304[0m 0.363 ms - -[0m
[0mGET /api/queue/status [36m304[0m 10.291 ms - -[0m
[0mOPTIONS /api/reviews [32m204[0m 0.085 ms - 0[0m
[0mPOST /api/reviews [32m201[0m 13.185 ms - 247[0m
[0mGET /api/menu [36m304[0m 5.739 ms - -[0m
[0mOPTIONS /api/queue/status [32m204[0m 0.146 ms - 0[0m
[0mGET /api/counters/availability [36m304[0m 4.948 ms - -[0m
[0mGET /api/queue/status [36m304[0m 12.035 ms - -[0m
[0mOPTIONS /api/queue/status [32m204[0m 0.078 ms - 0[0m
[0mGET /api/waste/green-token?force=true [36m304[0m 0.357 ms - -[0m
[0mGET /api/queue/status [36m304[0m 11.995 ms - -[0m
[0mGET /api/reviews/698d1a0cd95b761b8079cfb2 [32m200[0m 31.780 ms - 238[0m
[0mOPTIONS /api/queue/status [32m204[0m 0.134 ms - 0[0m
[0mGET /api/counters/availability [36m304[0m 5.500 ms - -[0m
[0mGET /api/queue/status [36m304[0m 14.286 ms - -[0m
[0mOPTIONS /api/queue/status [32m204[0m 0.156 ms - 0[0m
[0mGET /api/waste/green-token?force=true [36m304[0m 0.274 ms - -[0m
[0mGET /api/queue/status [36m304[0m 6.310 ms - -[0m
[0mOPTIONS /api/queue/status [32m204[0m 0.106 ms - 0[0m
[0mGET /api/waste/green-token?force=true [36m304[0m 0.336 ms - -[0m
[0mGET /api/counters/availability [32m200[0m 5.136 ms - 883[0m
[0mGET /api/counters/availability [32m200[0m 4.974 ms - 883[0m
Error: Not authorized to access this route
[0mGET /api/queue/status [33m401[0m 3.163 ms - 65[0m
[0mGET /api/counters/availability [36m304[0m 5.671 ms - -[0m
[0mGET /api/queue/status [36m304[0m 9.715 ms - -[0m
[0mOPTIONS /api/queue/status [32m204[0m 0.182 ms - 0[0m
[0mGET /api/counters/availability [36m304[0m 6.532 ms - -[0m
[0mGET /api/queue/status [36m304[0m 8.957 ms - -[0m
[0mOPTIONS /api/queue/status [32m204[0m 0.080 ms - 0[0m
[0mGET /api/waste/green-token?force=true [36m304[0m 0.223 ms - -[0m
[0mGET /api/queue/status [36m304[0m 9.933 ms - -[0m
[0mOPTIONS /api/queue/status [32m204[0m 0.117 ms - 0[0m
[0mGET /api/counters/availability [36m304[0m 5.787 ms - -[0m
[0mGET /api/queue/status [36m304[0m 9.345 ms - -[0m
[0mOPTIONS /api/queue/status [32m204[0m 0.140 ms - 0[0m
[0mGET /api/waste/green-token?force=true [36m304[0m 0.373 ms - -[0m
[0mGET /api/queue/status [36m304[0m 13.433 ms - -[0m
[0mOPTIONS /api/queue/status [32m204[0m 0.085 ms - 0[0m
[0mGET /api/counters/availability [36m304[0m 5.780 ms - -[0m
[0mGET /api/queue/status [36m304[0m 8.880 ms - -[0m
[0mOPTIONS /api/queue/status [32m204[0m 0.149 ms - 0[0m
[0mGET /api/waste/green-token?force=true [36m304[0m 0.682 ms - -[0m
[0mGET /api/queue/status [36m304[0m 8.812 ms - -[0m
[0mOPTIONS /api/queue/status [32m204[0m 0.096 ms - 0[0m
[0mGET /api/counters/availability [36m304[0m 9.430 ms - -[0m
[0mGET /api/queue/status [36m304[0m 27.209 ms - -[0m
[0mOPTIONS /api/queue/status [32m204[0m 0.070 ms - 0[0m
[0mGET /api/waste/green-token?force=true [36m304[0m 0.372 ms - -[0m
[0mGET /api/queue/status [36m304[0m 7.398 ms - -[0m
[0mOPTIONS /api/queue/status [32m204[0m 0.332 ms - 0[0m
[0mGET /api/counters/availability [36m304[0m 4.411 ms - -[0m
[0mGET /api/queue/status [36m304[0m 5.899 ms - -[0m
[0mOPTIONS /api/queue/status [32m204[0m 0.116 ms - 0[0m
[0mGET /api/waste/green-token?force=true [36m304[0m 0.433 ms - -[0m
[0mGET /api/queue/status [36m304[0m 6.714 ms - -[0m
[0mOPTIONS /api/queue/status [32m204[0m 0.105 ms - 0[0m
[0mGET /api/counters/availability [36m304[0m 3.896 ms - -[0m
[0mOPTIONS /api/queue/status [32m204[0m 0.054 ms - 0[0m
[0mGET /api/waste/green-token?force=true [36m304[0m 0.944 ms - -[0m
[0mGET /api/queue/status [36m304[0m 6.112 ms - -[0m
[0mGET /api/queue/status [36m304[0m 5.491 ms - -[0m
[0mOPTIONS /api/queue/status [32m204[0m 0.107 ms - 0[0m
[0mOPTIONS /api/queue/status [32m204[0m 0.066 ms - 0[0m
[0mGET /api/counters/availability [36m304[0m 4.856 ms - -[0m
[0mGET /api/waste/green-token?force=true [36m304[0m 0.580 ms - -[0m
[0mGET /api/queue/status [36m304[0m 6.292 ms - -[0m
[0mGET /api/queue/status [36m304[0m 10.041 ms - -[0m
[0mOPTIONS /api/queue/status [32m204[0m 0.180 ms - 0[0m
[0mGET /api/counters/availability [36m304[0m 9.482 ms - -[0m
[0mGET /api/queue/status [36m304[0m 7.513 ms - -[0m
[0mOPTIONS /api/queue/status [32m204[0m 0.087 ms - 0[0m
[0mGET /api/waste/green-token?force=true [36m304[0m 0.307 ms - -[0m
[0mGET /api/queue/status [36m304[0m 7.128 ms - -[0m
[0mOPTIONS /api/queue/status [32m204[0m 0.071 ms - 0[0m
[0mGET /api/counters/availability [36m304[0m 5.699 ms - -[0m
[0mGET /api/queue/status [36m304[0m 13.119 ms - -[0m
[0mOPTIONS /api/queue/status [32m204[0m 0.149 ms - 0[0m
[0mGET /api/waste/green-token?force=true [36m304[0m 0.461 ms - -[0m
[0mGET /api/queue/status [36m304[0m 9.433 ms - -[0m
[0mOPTIONS /api/queue/status [32m204[0m 1.037 ms - 0[0m
[0mGET /api/counters/availability [36m304[0m 10.419 ms - -[0m
[0mGET /api/queue/status [36m304[0m 10.676 ms - -[0m
[0mOPTIONS /api/queue/status [32m204[0m 0.131 ms - 0[0m
[0mGET /api/waste/green-token?force=true [36m304[0m 0.378 ms - -[0m
[0mGET /api/queue/status [36m304[0m 16.912 ms - -[0m
[0mOPTIONS /api/queue/status [32m204[0m 0.068 ms - 0[0m
[0mGET /api/counters/availability [36m304[0m 5.300 ms - -[0m
[0mGET /api/queue/status [36m304[0m 7.908 ms - -[0m
[0mOPTIONS /api/queue/status [32m204[0m 0.082 ms - 0[0m
[0mGET /api/waste/green-token?force=true [36m304[0m 0.343 ms - -[0m
[0mGET /api/queue/status [36m304[0m 7.386 ms - -[0m
[0mOPTIONS /api/queue/status [32m204[0m 0.394 ms - 0[0m
[0mGET /api/counters/availability [36m304[0m 3.530 ms - -[0m
[0mGET /api/queue/status [36m304[0m 8.174 ms - -[0m
[0mOPTIONS /api/queue/status [32m204[0m 0.124 ms - 0[0m
[0mGET /api/waste/green-token?force=true [36m304[0m 0.331 ms - -[0m
[0mGET /api/queue/status [36m304[0m 8.148 ms - -[0m
[0mGET /api/counters/availability [36m304[0m 6.249 ms - -[0m
[0mOPTIONS /api/queue/status [32m204[0m 0.092 ms - 0[0m
[0mGET /api/queue/status [36m304[0m 9.450 ms - -[0m
[0mGET /api/waste/green-token?force=true [36m304[0m 0.406 ms - -[0m
Error: Not authorized to access this route
[0mGET /api/queue/status [33m401[0m 1.091 ms - 65[0m
[0mGET /api/counters/availability [36m304[0m 9.046 ms - -[0m
[0mGET /api/counters/availability [36m304[0m 7.052 ms - -[0m
[0mOPTIONS /api/queue/status [32m204[0m 0.091 ms - 0[0m
[0mGET /api/counters/availability [36m304[0m 3.392 ms - -[0m
[0mGET /api/queue/status [36m304[0m 8.006 ms - -[0m
[0mOPTIONS /api/queue/status [32m204[0m 0.109 ms - 0[0m
[0mGET /api/waste/green-token?force=true [36m304[0m 0.323 ms - -[0m
[0mGET /api/queue/status [36m304[0m 7.879 ms - -[0m
[0mOPTIONS /api/queue/status [32m204[0m 0.154 ms - 0[0m
[0mGET /api/counters/availability [36m304[0m 5.646 ms - -[0m
[0mGET /api/queue/status [36m304[0m 9.696 ms - -[0m
[0mOPTIONS /api/queue/status [32m204[0m 0.122 ms - 0[0m
[0mGET /api/waste/green-token?force=true [36m304[0m 0.359 ms - -[0m
[0mGET /api/queue/status [36m304[0m 8.325 ms - -[0m
[0mOPTIONS /api/queue/status [32m204[0m 0.169 ms - 0[0m
[0mGET /api/counters/availability [36m304[0m 4.471 ms - -[0m
[0mGET /api/queue/status [36m304[0m 8.798 ms - -[0m
[0mOPTIONS /api/queue/status [32m204[0m 0.124 ms - 0[0m
[0mGET /api/waste/green-token?force=true [36m304[0m 0.210 ms - -[0m
[0mGET /api/queue/status [36m304[0m 5.916 ms - -[0m
[0mOPTIONS /api/queue/status [32m204[0m 0.137 ms - 0[0m
[0mGET /api/counters/availability [36m304[0m 12.274 ms - -[0m
[0mGET /api/queue/status [36m304[0m 13.621 ms - -[0m
[0mOPTIONS /api/queue/status [32m204[0m 0.227 ms - 0[0m
[0mGET /api/waste/green-token?force=true [36m304[0m 0.874 ms - -[0m
[0mGET /api/queue/status [36m304[0m 10.541 ms - -[0m
[0mOPTIONS /api/queue/status [32m204[0m 0.052 ms - 0[0m
[0mGET /api/counters/availability [36m304[0m 3.900 ms - -[0m
[0mGET /api/queue/status [36m304[0m 8.364 ms - -[0m
[0mOPTIONS /api/queue/status [32m204[0m 0.094 ms - 0[0m
[0mGET /api/waste/green-token?force=true [36m304[0m 0.293 ms - -[0m
[0mGET /api/queue/status [36m304[0m 6.684 ms - -[0m
[0mOPTIONS /api/auth/me [32m204[0m 0.069 ms - 0[0m
[0mOPTIONS /api/auth/me [32m204[0m 0.039 ms - 0[0m
[0mOPTIONS /api/queue/status [32m204[0m 0.090 ms - 0[0m
[0mGET /api/menu [36m304[0m 5.385 ms - -[0m
[0mGET /api/waste/green-token?force=true [36m304[0m 0.202 ms - -[0m
[0mGET /api/counters/availability [36m304[0m 3.976 ms - -[0m
[0mGET /api/complaints/public [36m304[0m 4.900 ms - -[0m
[0mGET /api/waste/green-token?force=true [36m304[0m 0.228 ms - -[0m
[0mGET /api/queue/status [36m304[0m 7.244 ms - -[0m
[0mGET /api/auth/me [32m200[0m 12.601 ms - 300[0m
[0mGET /api/auth/me [36m304[0m 6.245 ms - -[0m
[0mOPTIONS /api/queue/status [32m204[0m 0.093 ms - 0[0m
[0mGET /api/complaints/public [36m304[0m 6.393 ms - -[0m
[0mGET /api/queue/status [36m304[0m 9.116 ms - -[0m
[0mOPTIONS /api/queue/status [32m204[0m 0.108 ms - 0[0m
[0mGET /api/complaints/public [36m304[0m 8.252 ms - -[0m
[0mGET /api/queue/status [36m304[0m 7.200 ms - -[0m
[0mGET /api/waste/green-token?force=true [36m304[0m 0.361 ms - -[0m
[0mGET /api/menu [36m304[0m 13.413 ms - -[0m
[0mGET /api/counters/availability [36m304[0m 12.662 ms - -[0m
[0mOPTIONS /api/queue/status [32m204[0m 0.115 ms - 0[0m
[0mGET /api/waste/green-token?force=true [36m304[0m 0.528 ms - -[0m
Error: Not authorized to access this route
[0mGET /api/queue/status [33m401[0m 1.706 ms - 65[0m
[0mGET /api/complaints/public [36m304[0m 9.858 ms - -[0m
[0mGET /api/counters/availability [36m304[0m 5.049 ms - -[0m
[0mOPTIONS /api/queue/status [32m204[0m 0.120 ms - 0[0m
[0mGET /api/waste/green-token?force=true [36m304[0m 0.306 ms - -[0m
Error: Not authorized to access this route
[0mGET /api/queue/status [33m401[0m 1.220 ms - 65[0m
[0mGET /api/counters/availability [36m304[0m 5.388 ms - -[0m
[0mOPTIONS /api/queue/status [32m204[0m 0.078 ms - 0[0m
[0mGET /api/waste/green-token?force=true [36m304[0m 0.243 ms - -[0m
Error: Not authorized to access this route
[0mGET /api/queue/status [33m401[0m 1.033 ms - 65[0m
[0mGET /api/counters/availability [36m304[0m 3.417 ms - -[0m
[0mGET /api/counters/availability [36m304[0m 3.139 ms - -[0m
[0mGET /api/queue/status [36m304[0m 7.795 ms - -[0m
^C